
Translating:: digest (translator: hackage) (lock path: /home/runner/work/dream2nix-auto-test/dream2nix-auto-test/pkgs-haskell/locks/digest-0.0.1.7/dream-lock.json)
+ '[' -e /home/runner/.cabal/packages/hackage.haskell.org/01-index.cache ']'
++ stat -c %Y /home/runner/.cabal/packages/hackage.haskell.org/01-index.cache
+ indexTime=1685513832
++ date +%s
+ age=642
+ '[' 642 -gt 86400 ']'
/tmp/tmp.K21Egvkp0V/tmp.AECkDIH5ZV/tmp.FddyaEkNKJ ~/work/dream2nix-auto-test/dream2nix-auto-test/pkgs-haskell/locks
downloading https://hackage.haskell.org/package/digest-0.0.1.7/digest-0.0.1.7.tar.gz
  % Total    % Received % Xferd  Average Speed   Time    Time     Time  Current
                                 Dload  Upload   Total   Spent    Left  Speed
  0     0    0     0    0     0      0      0 --:--:-- --:--:-- --:--:--     0100  4067  100  4067    0     0  20572      0 --:--:-- --:--:-- --:--:-- 20644
Resolving dependencies...
Error: cabal: Could not resolve dependencies:
[__0] trying: digest-0.0.1.7 (user goal)
[__1] rejecting: digest:+pkg-config (conflict: pkg-config package zlib-any,
not found in the pkg-config database)
[__1] rejecting: digest:-pkg-config (manual flag can only be changed
explicitly)
[__1] fail (backjumping, conflict set: digest, digest:pkg-config)
After searching the rest of the dependency tree exhaustively, these were the
goals I've had most trouble fulfilling: digest, digest:pkg-config

